\BOOKMARK [1][-]{section.1}{\376\377\000I\000n\000t\000r\000o\000d\000u\000c\000t\000i\000o\000n}{}% 1
\BOOKMARK [1][-]{section.2}{\376\377\000T\000h\000e\000\040\000V\000a\000r\000i\000a\000t\000i\000o\000n\000a\000l\000\040\000Q\000u\000a\000n\000t\000u\000m\000\040\000E\000i\000g\000e\000n\000s\000o\000l\000v\000e\000r\000\040\000\050\000V\000Q\000E\000\051}{}% 2
\BOOKMARK [2][-]{subsection.2.1}{\376\377\000S\000o\000m\000e\000t\000h\000i\000n\000g\000\040\000a\000b\000o\000u\000t\000\040\000A\000D\000A\000P\000T\000-\000V\000Q\000E}{section.2}% 3
\BOOKMARK [2][-]{subsection.2.2}{\376\377\000V\000a\000l\000e\000n\000c\000e\000\040\000B\000o\000n\000d\000i\000n\000g}{section.2}% 4
\BOOKMARK [2][-]{subsection.2.3}{\376\377\000M\000a\000p\000p\000i\000n\000g\000\040\000M\000e\000t\000h\000o\000d\000s}{section.2}% 5
\BOOKMARK [3][-]{subsubsection.2.3.1}{\376\377\000J\000o\000r\000d\000a\000n\000-\000W\000i\000g\000n\000e\000r\000\040\000M\000a\000p\000p\000i\000n\000g\000\040\000\050\000J\000W\000M\000\051}{subsection.2.3}% 6
\BOOKMARK [3][-]{subsubsection.2.3.2}{\376\377\000P\000a\000r\000i\000t\000y\000\040\000M\000a\000p\000p\000i\000n\000g}{subsection.2.3}% 7
\BOOKMARK [3][-]{subsubsection.2.3.3}{\376\377\000B\000r\000a\000v\000y\000i\000-\000K\000i\000t\000a\000e\000v\000\040\000M\000a\000p\000p\000i\000n\000g\000\040\000\050\000B\000K\000M\000\051}{subsection.2.3}% 8
\BOOKMARK [2][-]{subsection.2.4}{\376\377\000M\000e\000a\000s\000u\000r\000i\000n\000g\000\040\000t\000h\000e\000\040\000Q\000u\000b\000i\000t\000\040\000C\000i\000r\000c\000u\000i\000t}{section.2}% 9
\BOOKMARK [2][-]{subsection.2.5}{\376\377\000T\000r\000a\000n\000s\000v\000e\000r\000s\000e\000-\000F\000i\000e\000l\000d\000\040\000I\000s\000i\000n\000g\000\040\000M\000o\000d\000e\000l}{section.2}% 10
\BOOKMARK [2][-]{subsection.2.6}{\376\377\000O\000n\000e\000-\000s\000h\000o\000t\000\040\000C\000a\000l\000c\000u\000l\000a\000t\000i\000o\000n}{section.2}% 11
\BOOKMARK [1][-]{section.3}{\376\377\000U\000s\000e\000\040\000o\000f\000\040\000t\000h\000e\000\040\000B\000a\000s\000i\000s}{}% 12
\BOOKMARK [2][-]{subsection.3.1}{\376\377\000S\000T\000O\000-\000n\000G}{section.3}% 13
\BOOKMARK [2][-]{subsection.3.2}{\376\377\000H\000y\000l\000l\000e\000r\000a\000a\000s\000,\000\040\000t\000h\000e\000\040\000P\000o\000s\000s\000i\000b\000l\000e\000\040\000B\000a\000s\000i\000s\000\040\000t\000o\000\040\000F\000o\000r\000m\000\040\000A\000n\000s\000a\000t\000z}{section.3}% 14
\BOOKMARK [2][-]{subsection.3.3}{\376\377\000C\000o\000m\000p\000a\000r\000i\000s\000o\000n\000\040\000B\000e\000t\000w\000e\000e\000n\000\040\000t\000w\000o\000\040\000T\000y\000p\000e\000s\000\040\000o\000f\000\040\000B\000a\000s\000i\000s}{section.3}% 15
\BOOKMARK [1][-]{section.4}{\376\377\000Q\000u\000a\000n\000t\000u\000m\000\040\000C\000i\000r\000c\000u\000i\000t\000\040\000a\000n\000d\000\040\000t\000h\000e\000\040\000U\000s\000e\000\040\000o\000f\000\040\000Q\000i\000s\000k\000i\000t}{}% 16
\BOOKMARK [2][-]{subsection.4.1}{\376\377\000T\000h\000e\000\040\000q\000u\000a\000n\000t\000u\000m\000\040\000c\000i\000r\000c\000u\000i\000t}{section.4}% 17
\BOOKMARK [3][-]{subsubsection.4.1.1}{\376\377\000T\000h\000e\000\040\000P\000a\000u\000l\000i\000\040\000M\000a\000t\000r\000i\000c\000e\000s}{subsection.4.1}% 18
\BOOKMARK [3][-]{subsubsection.4.1.2}{\376\377\000T\000h\000e\000\040\000C\000N\000O\000T\000\040\000g\000a\000t\000e}{subsection.4.1}% 19
\BOOKMARK [3][-]{subsubsection.4.1.3}{\376\377\000T\000h\000e\000\040\000C\000Z\000\040\000g\000a\000t\000e}{subsection.4.1}% 20
\BOOKMARK [2][-]{subsection.4.2}{\376\377\000T\000h\000e\000\040\000Q\000i\000s\000k\000i\000t}{section.4}% 21
\BOOKMARK [3][-]{subsubsection.4.2.1}{\376\377\000C\000o\000l\000l\000e\000c\000t\000i\000o\000n\000\040\000o\000f\000\040\000Q\000i\000s\000k\000i\000t\000\040\000C\000o\000d\000e}{subsection.4.2}% 22
\BOOKMARK [1][-]{section.5}{\376\377\000S\000t\000u\000d\000y\000\040\000o\000f\000\040\000t\000h\000e\000\040\000C\000o\000m\000m\000o\000n\000\040\000Q\000u\000a\000n\000t\000u\000m\000\040\000C\000o\000m\000p\000u\000t\000i\000n\000g\000\040\000A\000l\000g\000o\000r\000i\000t\000h\000m\000s}{}% 23
\BOOKMARK [2][-]{subsection.5.1}{\376\377\000G\000r\000o\000v\000e\000r\000'\000s\000\040\000a\000l\000g\000o\000r\000i\000t\000h\000m}{section.5}% 24
\BOOKMARK [2][-]{subsection.5.2}{\376\377\000B\000e\000r\000n\000s\000t\000e\000i\000n\000-\000V\000a\000z\000i\000r\000a\000n\000i\000\040\000A\000l\000g\000o\000r\000i\000t\000h\000m}{section.5}% 25
\BOOKMARK [2][-]{subsection.5.3}{\376\377\000T\000h\000e\000\040\000Q\000u\000a\000n\000t\000u\000m\000\040\000F\000o\000u\000r\000i\000e\000r\000\040\000T\000r\000a\000n\000s\000f\000o\000r\000m\000\040\000\050\000Q\000F\000T\000\051}{section.5}% 26
\BOOKMARK [2][-]{subsection.5.4}{\376\377\000P\000h\000a\000s\000e\000\040\000E\000s\000t\000i\000m\000a\000t\000i\000o\000n}{section.5}% 27
\BOOKMARK [2][-]{subsection.5.5}{\376\377\000H\000H\000L\000\040\000A\000l\000g\000o\000r\000i\000t\000h\000m\000\040\000f\000o\000r\000\040\000L\000i\000n\000e\000a\000r\000\040\000S\000y\000s\000t\000e\000m\000s\000\040\000P\000r\000o\000b\000l\000e\000m}{section.5}% 28
\BOOKMARK [2][-]{subsection.5.6}{\376\377\000S\000a\000m\000p\000l\000e\000-\000b\000a\000s\000e\000d\000\040\000Q\000u\000a\000n\000t\000u\000m\000\040\000D\000i\000a\000g\000o\000n\000a\000l\000i\000z\000a\000t\000i\000o\000n\000\040\000o\000f\000\040\000a\000\040\000C\000h\000e\000m\000i\000s\000t\000r\000y\000\040\000H\000a\000m\000i\000l\000t\000o\000n\000i\000a\000n}{section.5}% 29
\BOOKMARK [3][-]{subsubsection.5.6.1}{\376\377\000U\000n\000i\000t\000a\000r\000y\000\040\000C\000l\000u\000s\000t\000e\000r\000\040\000J\000a\000s\000t\000r\000o\000w\000\040\000\050\000U\000C\000J\000\051\000\040\000a\000n\000s\000a\000t\000z}{subsection.5.6}% 30
\BOOKMARK [3][-]{subsubsection.5.6.2}{\376\377\000L\000o\000c\000a\000l\000\040\000U\000n\000i\000t\000a\000r\000y\000\040\000C\000l\000u\000s\000t\000e\000r\000\040\000J\000a\000s\000t\000r\000o\000w\000\040\000\050\000L\000U\000C\000J\000\051}{subsection.5.6}% 31
\BOOKMARK [1][-]{section.6}{\376\377\000P\000a\000p\000e\000r\000-\000r\000e\000a\000d\000i\000n\000g\000\040\000r\000e\000l\000a\000t\000e\000d\000\040\000t\000o\000\040\000a\000d\000a\000p\000t\000i\000v\000e\000\040\000g\000r\000i\000d\000\040\000m\000e\000t\000h\000o\000d}{}% 32
\BOOKMARK [2][-]{subsection.6.1}{\376\377\000V\000o\000r\000o\000n\000o\000i\000\040\000D\000i\000a\000g\000r\000a\000m\000s\000\040\000a\000n\000d\000\040\000D\000i\000s\000c\000r\000e\000t\000i\000z\000a\000t\000i\000o\000n\000\040\000o\000f\000\040\000W\000a\000v\000e\000f\000u\000n\000c\000t\000i\000o\000n}{section.6}% 33
\BOOKMARK [2][-]{subsection.6.2}{\376\377\000P\000a\000u\000l\000i\000\040\000d\000e\000c\000o\000m\000p\000o\000s\000i\000t\000i\000o\000n}{section.6}% 34
\BOOKMARK [3][-]{subsubsection.6.2.1}{\376\377\000E\000q\000u\000a\000t\000i\000o\000n\000\040\0002\0002}{subsection.6.2}% 35
\BOOKMARK [3][-]{subsubsection.6.2.2}{\376\377\000E\000q\000u\000a\000t\000i\000o\000n\000\040\0002\0004}{subsection.6.2}% 36
\BOOKMARK [2][-]{subsection.6.3}{\376\377\000Q\000u\000a\000n\000t\000u\000m\000\040\000C\000h\000e\000b\000y\000s\000h\000e\000v\000\040\000P\000h\000a\000s\000e\000\040\000E\000s\000t\000i\000m\000a\000t\000i\000o\000n}{section.6}% 37
\BOOKMARK [3][-]{subsubsection.6.3.1}{\376\377\000C\000h\000e\000b\000y\000s\000h\000e\000v\000\040\000P\000o\000l\000y\000n\000o\000m\000i\000a\000l\000s\000\040\000o\000f\000\040\000t\000h\000e\000\040\000F\000i\000r\000s\000t\000\040\000a\000n\000d\000\040\000S\000e\000c\000o\000n\000d\000\040\000K\000i\000n\000d\000s}{subsection.6.3}% 38
\BOOKMARK [3][-]{subsubsection.6.3.2}{\376\377\000C\000h\000e\000b\000y\000s\000h\000e\000v\000\040\000H\000i\000s\000t\000o\000r\000y\000\040\000S\000t\000a\000t\000e}{subsection.6.3}% 39
\BOOKMARK [3][-]{subsubsection.6.3.3}{\376\377\000B\000r\000i\000e\000f\000\040\000s\000u\000m\000m\000a\000r\000y\000\040\000o\000f\000\040\000t\000h\000i\000s\000\040\000a\000l\000g\000o\000r\000i\000t\000h\000m}{subsection.6.3}% 40
\BOOKMARK [2][-]{subsection.6.4}{\376\377\000T\000r\000a\000n\000s\000c\000o\000r\000r\000e\000l\000a\000t\000e\000d\000\040\000M\000o\000l\000e\000c\000u\000l\000a\000r\000\040\000H\000a\000m\000i\000l\000t\000o\000n\000i\000a\000n}{section.6}% 41
\BOOKMARK [3][-]{subsubsection.6.4.1}{\376\377\000M\000y\000\040\000w\000a\000s\000t\000e\000d\000\040\000e\000f\000f\000o\000r\000t}{subsection.6.4}% 42
\BOOKMARK [3][-]{subsubsection.6.4.2}{\376\377\000I\000d\000e\000a\000\040\000f\000r\000o\000m\000\040\000C\000o\000h\000e\000n\000'\000s\000\040\000p\000a\000p\000e\000r}{subsection.6.4}% 43
\BOOKMARK [3][-]{subsubsection.6.4.3}{\376\377\000W\000h\000y\000\040\000E\000r\000r\000o\000r\000\040\000F\000u\000n\000c\000t\000i\000o\000n\000\040\000i\000s\000\040\000U\000s\000e\000d\000?}{subsection.6.4}% 44
\BOOKMARK [1][-]{appendix.A}{\376\377\000D\000e\000r\000i\000v\000a\000t\000i\000o\000n\000\040\000o\000f\000\040\000F\000o\000r\000m\000u\000l\000a\000e}{}% 45
\BOOKMARK [2][-]{subsection.A.1}{\376\377\000L\000a\000p\000l\000a\000c\000i\000a\000n\000\040\000o\000f\000\040\000t\000w\000o\000\040\000e\000l\000e\000c\000t\000r\000o\000n\000\040\000s\000y\000s\000t\000e\000m}{appendix.A}% 46
\BOOKMARK [2][-]{subsection.A.2}{\376\377\000E\000x\000p\000o\000n\000e\000n\000t\000i\000a\000t\000e\000\040\000M\000a\000t\000r\000i\000x}{appendix.A}% 47
\BOOKMARK [1][-]{appendix.B}{\376\377\000S\000p\000e\000c\000i\000a\000l\000\040\000F\000u\000n\000c\000t\000i\000o\000n\000s}{}% 48
\BOOKMARK [2][-]{subsection.B.1}{\376\377\000C\000h\000e\000b\000y\000s\000h\000e\000v\000\040\000P\000o\000l\000y\000n\000o\000m\000i\000a\000l\000s}{appendix.B}% 49
\BOOKMARK [2][-]{subsection.B.2}{\376\377\000E\000r\000r\000o\000r\000\040\000F\000u\000n\000c\000t\000i\000o\000n}{appendix.B}% 50
\BOOKMARK [1][-]{appendix.C}{\376\377\000L\000a\000T\000e\000X\000\040\145\160\133\146\173\046\123\367\220\037\147\345\210\150}{}% 51
